{
  "uid" : "e5517b2a6edf6d66",
  "name" : "Verify Picture",
  "fullName" : "SanityTests.WebMyfitnesspalTests.test05_verifyPicture",
  "historyId" : "b356bab796c40f00aed9aabae84fc65e",
  "time" : {
    "start" : 1609682116092,
    "stop" : 1609682147955,
    "duration" : 31863
  },
  "description" : "Test description: verifying uploaded image element with Ashot on Home page",
  "descriptionHtml" : "<p>Test description: verifying uploaded image element with Ashot on Home page</p>\n",
  "status" : "passed",
  "flaky" : false,
  "newFailed" : false,
  "beforeStages" : [ {
    "name" : "login",
    "time" : {
      "start" : 1609682037648,
      "stop" : 1609682116085,
      "duration" : 78437
    },
    "description" : "",
    "status" : "passed",
    "steps" : [ {
      "name" : "Click Web Element",
      "time" : {
        "start" : 1609682048751,
        "stop" : 1609682068881,
        "duration" : 20130
      },
      "status" : "broken",
      "statusMessage" : "Expected condition failed: waiting for element to be clickable: Proxy element for: DefaultElementLocator 'By.xpath: //i[@class='fa fa-times-thin fa-2x close']' (tried for 10 second(s) with 500 milliseconds interval)",
      "statusTrace" : "org.openqa.selenium.TimeoutException: Expected condition failed: waiting for element to be clickable: Proxy element for: DefaultElementLocator 'By.xpath: //i[@class='fa fa-times-thin fa-2x close']' (tried for 10 second(s) with 500 milliseconds interval)\r\n\tat org.openqa.selenium.support.ui.WebDriverWait.timeoutException(WebDriverWait.java:95)\r\n\tat org.openqa.selenium.support.ui.FluentWait.until(FluentWait.java:272)\r\n\tat Extensions.UIActions.click(UIActions.java:30)\r\n\tat Utilities.CommonOps.login(CommonOps.java:113)\r\n\tat sun.reflect.NativeMethodAccessorImpl.invoke0(Native Method)\r\n\tat sun.reflect.NativeMethodAccessorImpl.invoke(NativeMethodAccessorImpl.java:62)\r\n\tat sun.reflect.DelegatingMethodAccessorImpl.invoke(DelegatingMethodAccessorImpl.java:43)\r\n\tat java.lang.reflect.Method.invoke(Method.java:498)\r\n\tat org.testng.internal.MethodInvocationHelper.invokeMethod(MethodInvocationHelper.java:124)\r\n\tat org.testng.internal.MethodInvocationHelper.invokeMethodConsideringTimeout(MethodInvocationHelper.java:59)\r\n\tat org.testng.internal.Invoker.invokeConfigurationMethod(Invoker.java:458)\r\n\tat org.testng.internal.Invoker.invokeConfigurations(Invoker.java:222)\r\n\tat org.testng.internal.Invoker.invokeMethod(Invoker.java:523)\r\n\tat org.testng.internal.Invoker.invokeTestMethod(Invoker.java:719)\r\n\tat org.testng.internal.Invoker.invokeTestMethods(Invoker.java:989)\r\n\tat org.testng.internal.TestMethodWorker.invokeTestMethods(TestMethodWorker.java:125)\r\n\tat org.testng.internal.TestMethodWorker.run(TestMethodWorker.java:109)\r\n\tat org.testng.TestRunner.privateRun(TestRunner.java:648)\r\n\tat org.testng.TestRunner.run(TestRunner.java:505)\r\n\tat org.testng.SuiteRunner.runTest(SuiteRunner.java:455)\r\n\tat org.testng.SuiteRunner.runSequentially(SuiteRunner.java:450)\r\n\tat org.testng.SuiteRunner.privateRun(SuiteRunner.java:415)\r\n\tat org.testng.SuiteRunner.run(SuiteRunner.java:364)\r\n\tat org.testng.SuiteRunnerWorker.runSuite(SuiteRunnerWorker.java:52)\r\n\tat org.testng.SuiteRunnerWorker.run(SuiteRunnerWorker.java:84)\r\n\tat org.testng.TestNG.runSuitesSequentially(TestNG.java:1208)\r\n\tat org.testng.TestNG.runSuitesLocally(TestNG.java:1137)\r\n\tat org.testng.TestNG.runSuites(TestNG.java:1049)\r\n\tat org.testng.TestNG.run(TestNG.java:1017)\r\n\tat org.apache.maven.surefire.testng.TestNGExecutor.run(TestNGExecutor.java:283)\r\n\tat org.apache.maven.surefire.testng.TestNGXmlTestSuite.execute(TestNGXmlTestSuite.java:75)\r\n\tat org.apache.maven.surefire.testng.TestNGProvider.invoke(TestNGProvider.java:120)\r\n\tat org.apache.maven.surefire.booter.ForkedBooter.invokeProviderInSameClassLoader(ForkedBooter.java:384)\r\n\tat org.apache.maven.surefire.booter.ForkedBooter.runSuitesInProcess(ForkedBooter.java:345)\r\n\tat org.apache.maven.surefire.booter.ForkedBooter.execute(ForkedBooter.java:126)\r\n\tat org.apache.maven.surefire.booter.ForkedBooter.main(ForkedBooter.java:418)\r\nCaused by: org.openqa.selenium.NoSuchElementException: no such element: Unable to locate element: {\"method\":\"xpath\",\"selector\":\"//i[@class='fa fa-times-thin fa-2x close']\"}\n  (Session info: chrome=87.0.4280.88)\nFor documentation on this error, please visit: https://www.seleniumhq.org/exceptions/no_such_element.html\nBuild info: version: '3.141.59', revision: 'e82be7d358', time: '2018-11-14T08:17:03'\nSystem info: host: 'ANDREW', ip: '192.168.1.16', os.name: 'Windows 10', os.arch: 'amd64', os.version: '10.0', java.version: '1.8.0_211'\nDriver info: org.openqa.selenium.chrome.ChromeDriver\nCapabilities {acceptInsecureCerts: false, browserName: chrome, browserVersion: 87.0.4280.88, chrome: {chromedriverVersion: 87.0.4280.88 (89e2380a3e36c..., userDataDir: C:\\Users\\Andrew\\AppData\\Loc...}, goog:chromeOptions: {debuggerAddress: localhost:52788}, javascriptEnabled: true, networkConnectionEnabled: false, pageLoadStrategy: normal, platform: WINDOWS, platformName: WINDOWS, proxy: Proxy(), setWindowRect: true, strictFileInteractability: false, timeouts: {implicit: 0, pageLoad: 300000, script: 30000}, unhandledPromptBehavior: dismiss and notify, webauthn:virtualAuthenticators: true}\nSession ID: 2ee8fde89e7d3a3bac55c4fbeba95477\n*** Element info: {Using=xpath, value=//i[@class='fa fa-times-thin fa-2x close']}\r\n\tat sun.reflect.NativeConstructorAccessorImpl.newInstance0(Native Method)\r\n\tat sun.reflect.NativeConstructorAccessorImpl.newInstance(NativeConstructorAccessorImpl.java:62)\r\n\tat sun.reflect.DelegatingConstructorAccessorImpl.newInstance(DelegatingConstructorAccessorImpl.java:45)\r\n\tat java.lang.reflect.Constructor.newInstance(Constructor.java:423)\r\n\tat org.openqa.selenium.remote.http.W3CHttpResponseCodec.createException(W3CHttpResponseCodec.java:187)\r\n\tat org.openqa.selenium.remote.http.W3CHttpResponseCodec.decode(W3CHttpResponseCodec.java:122)\r\n\tat org.openqa.selenium.remote.http.W3CHttpResponseCodec.decode(W3CHttpResponseCodec.java:49)\r\n\tat org.openqa.selenium.remote.HttpCommandExecutor.execute(HttpCommandExecutor.java:158)\r\n\tat org.openqa.selenium.remote.service.DriverCommandExecutor.execute(DriverCommandExecutor.java:83)\r\n\tat org.openqa.selenium.remote.RemoteWebDriver.execute(RemoteWebDriver.java:552)\r\n\tat org.openqa.selenium.remote.RemoteWebDriver.findElement(RemoteWebDriver.java:323)\r\n\tat org.openqa.selenium.remote.RemoteWebDriver.findElementByXPath(RemoteWebDriver.java:428)\r\n\tat org.openqa.selenium.By$ByXPath.findElement(By.java:353)\r\n\tat org.openqa.selenium.remote.RemoteWebDriver.findElement(RemoteWebDriver.java:315)\r\n\tat org.openqa.selenium.support.pagefactory.DefaultElementLocator.findElement(DefaultElementLocator.java:69)\r\n\tat org.openqa.selenium.support.pagefactory.internal.LocatingElementHandler.invoke(LocatingElementHandler.java:38)\r\n\tat com.sun.proxy.$Proxy12.isDisplayed(Unknown Source)\r\n\tat org.openqa.selenium.support.ui.ExpectedConditions.elementIfVisible(ExpectedConditions.java:314)\r\n\tat org.openqa.selenium.support.ui.ExpectedConditions.access$000(ExpectedConditions.java:43)\r\n\tat org.openqa.selenium.support.ui.ExpectedConditions$10.apply(ExpectedConditions.java:300)\r\n\tat org.openqa.selenium.support.ui.ExpectedConditions$10.apply(ExpectedConditions.java:297)\r\n\tat org.openqa.selenium.support.ui.ExpectedConditions$23.apply(ExpectedConditions.java:670)\r\n\tat org.openqa.selenium.support.ui.ExpectedConditions$23.apply(ExpectedConditions.java:666)\r\n\tat org.openqa.selenium.support.ui.FluentWait.until(FluentWait.java:249)\r\n\t... 34 more\r\n",
      "steps" : [ ],
      "attachments" : [ ],
      "parameters" : [ {
        "name" : "elem",
        "value" : "Proxy element for: DefaultElementLocator 'By.xpath: //i[@class='fa fa-times-thin fa-2x close']'"
      } ],
      "shouldDisplayMessage" : true,
      "attachmentsCount" : 0,
      "hasContent" : true,
      "stepsCount" : 0
    }, {
      "name" : "Login to Myfitnesspal",
      "time" : {
        "start" : 1609682068881,
        "stop" : 1609682106013,
        "duration" : 37132
      },
      "status" : "passed",
      "steps" : [ {
        "name" : "Set Text to Text-Field",
        "time" : {
          "start" : 1609682068903,
          "stop" : 1609682069128,
          "duration" : 225
        },
        "status" : "passed",
        "steps" : [ ],
        "attachments" : [ ],
        "parameters" : [ {
          "name" : "elem",
          "value" : "[[ChromeDriver: chrome on WINDOWS (2ee8fde89e7d3a3bac55c4fbeba95477)] -> xpath: //input[@id='username']]"
        }, {
          "name" : "value",
          "value" : "andrewscottt"
        } ],
        "shouldDisplayMessage" : false,
        "attachmentsCount" : 0,
        "hasContent" : true,
        "stepsCount" : 0
      }, {
        "name" : "Set Text to Text-Field",
        "time" : {
          "start" : 1609682069160,
          "stop" : 1609682069327,
          "duration" : 167
        },
        "status" : "passed",
        "steps" : [ ],
        "attachments" : [ ],
        "parameters" : [ {
          "name" : "elem",
          "value" : "[[ChromeDriver: chrome on WINDOWS (2ee8fde89e7d3a3bac55c4fbeba95477)] -> xpath: //input[@id='password']]"
        }, {
          "name" : "value",
          "value" : "123456"
        } ],
        "shouldDisplayMessage" : false,
        "attachmentsCount" : 0,
        "hasContent" : true,
        "stepsCount" : 0
      }, {
        "name" : "Click Web Element",
        "time" : {
          "start" : 1609682069361,
          "stop" : 1609682106013,
          "duration" : 36652
        },
        "status" : "passed",
        "steps" : [ ],
        "attachments" : [ ],
        "parameters" : [ {
          "name" : "elem",
          "value" : "[[ChromeDriver: chrome on WINDOWS (2ee8fde89e7d3a3bac55c4fbeba95477)] -> class name: submit]"
        } ],
        "shouldDisplayMessage" : false,
        "attachmentsCount" : 0,
        "hasContent" : true,
        "stepsCount" : 0
      } ],
      "attachments" : [ ],
      "parameters" : [ {
        "name" : "user",
        "value" : "andrewscottt"
      }, {
        "name" : "password",
        "value" : "123456"
      } ],
      "shouldDisplayMessage" : false,
      "attachmentsCount" : 0,
      "hasContent" : true,
      "stepsCount" : 3
    } ],
    "attachments" : [ ],
    "parameters" : [ ],
    "shouldDisplayMessage" : false,
    "attachmentsCount" : 0,
    "hasContent" : true,
    "stepsCount" : 5
  }, {
    "name" : "startSession",
    "time" : {
      "start" : 1609681752682,
      "stop" : 1609681778010,
      "duration" : 25328
    },
    "description" : "",
    "status" : "passed",
    "steps" : [ ],
    "attachments" : [ ],
    "parameters" : [ ],
    "shouldDisplayMessage" : false,
    "attachmentsCount" : 0,
    "hasContent" : false,
    "stepsCount" : 0
  } ],
  "testStage" : {
    "description" : "Test description: verifying uploaded image element with Ashot on Home page",
    "status" : "passed",
    "steps" : [ {
      "name" : "Upload picture from file",
      "time" : {
        "start" : 1609682116094,
        "stop" : 1609682124633,
        "duration" : 8539
      },
      "status" : "passed",
      "steps" : [ {
        "name" : "Click Web Element",
        "time" : {
          "start" : 1609682116127,
          "stop" : 1609682119600,
          "duration" : 3473
        },
        "status" : "passed",
        "steps" : [ ],
        "attachments" : [ ],
        "parameters" : [ {
          "name" : "elem",
          "value" : "[[ChromeDriver: chrome on WINDOWS (2ee8fde89e7d3a3bac55c4fbeba95477)] -> xpath: //*[@class='no-image']//*[@href='/photos/edit']]"
        } ],
        "shouldDisplayMessage" : false,
        "attachmentsCount" : 0,
        "hasContent" : true,
        "stepsCount" : 0
      }, {
        "name" : "Upload Photo",
        "time" : {
          "start" : 1609682119620,
          "stop" : 1609682119707,
          "duration" : 87
        },
        "status" : "passed",
        "steps" : [ ],
        "attachments" : [ ],
        "parameters" : [ {
          "name" : "elem",
          "value" : "[[ChromeDriver: chrome on WINDOWS (2ee8fde89e7d3a3bac55c4fbeba95477)] -> xpath: //*[@type='file']]"
        }, {
          "name" : "location",
          "value" : "C:\\Automation\\ProjectMyfitnesspal\\Photo\\P4020046.JPG"
        } ],
        "shouldDisplayMessage" : false,
        "attachmentsCount" : 0,
        "hasContent" : true,
        "stepsCount" : 0
      }, {
        "name" : "Click Web Element",
        "time" : {
          "start" : 1609682119733,
          "stop" : 1609682124633,
          "duration" : 4900
        },
        "status" : "passed",
        "steps" : [ ],
        "attachments" : [ ],
        "parameters" : [ {
          "name" : "elem",
          "value" : "[[ChromeDriver: chrome on WINDOWS (2ee8fde89e7d3a3bac55c4fbeba95477)] -> xpath: //*[@name='commit']]"
        } ],
        "shouldDisplayMessage" : false,
        "attachmentsCount" : 0,
        "hasContent" : true,
        "stepsCount" : 0
      } ],
      "attachments" : [ ],
      "parameters" : [ {
        "name" : "fileLocation",
        "value" : "C:\\Automation\\ProjectMyfitnesspal\\Photo\\P4020046.JPG"
      } ],
      "shouldDisplayMessage" : false,
      "attachmentsCount" : 0,
      "hasContent" : true,
      "stepsCount" : 3
    }, {
      "name" : "Verify image",
      "time" : {
        "start" : 1609682140884,
        "stop" : 1609682141475,
        "duration" : 591
      },
      "status" : "passed",
      "steps" : [ ],
      "attachments" : [ ],
      "parameters" : [ {
        "name" : "imageElement",
        "value" : "[[ChromeDriver: chrome on WINDOWS (2ee8fde89e7d3a3bac55c4fbeba95477)] -> xpath: //*[@class='ember-view']/img]"
      }, {
        "name" : "expectedImageName",
        "value" : "code"
      } ],
      "shouldDisplayMessage" : false,
      "attachmentsCount" : 0,
      "hasContent" : true,
      "stepsCount" : 0
    }, {
      "name" : "Delete loaded picture",
      "time" : {
        "start" : 1609682141475,
        "stop" : 1609682147955,
        "duration" : 6480
      },
      "status" : "passed",
      "steps" : [ {
        "name" : "Click Web Element",
        "time" : {
          "start" : 1609682141494,
          "stop" : 1609682141627,
          "duration" : 133
        },
        "status" : "passed",
        "steps" : [ ],
        "attachments" : [ ],
        "parameters" : [ {
          "name" : "elem",
          "value" : "[[ChromeDriver: chrome on WINDOWS (2ee8fde89e7d3a3bac55c4fbeba95477)] -> xpath: //*[text()='My Home']]"
        } ],
        "shouldDisplayMessage" : false,
        "attachmentsCount" : 0,
        "hasContent" : true,
        "stepsCount" : 0
      }, {
        "name" : "Click Web Element",
        "time" : {
          "start" : 1609682141654,
          "stop" : 1609682146524,
          "duration" : 4870
        },
        "status" : "passed",
        "steps" : [ ],
        "attachments" : [ ],
        "parameters" : [ {
          "name" : "elem",
          "value" : "[[ChromeDriver: chrome on WINDOWS (2ee8fde89e7d3a3bac55c4fbeba95477)] -> xpath: //*[@class='ember-view']/img]"
        } ],
        "shouldDisplayMessage" : false,
        "attachmentsCount" : 0,
        "hasContent" : true,
        "stepsCount" : 0
      }, {
        "name" : "Click Web Element",
        "time" : {
          "start" : 1609682146738,
          "stop" : 1609682147323,
          "duration" : 585
        },
        "status" : "passed",
        "steps" : [ ],
        "attachments" : [ ],
        "parameters" : [ {
          "name" : "elem",
          "value" : "[[ChromeDriver: chrome on WINDOWS (2ee8fde89e7d3a3bac55c4fbeba95477)] -> xpath: //*[@href='/photos/edit']]"
        } ],
        "shouldDisplayMessage" : false,
        "attachmentsCount" : 0,
        "hasContent" : true,
        "stepsCount" : 0
      }, {
        "name" : "Click Web Element",
        "time" : {
          "start" : 1609682147799,
          "stop" : 1609682147954,
          "duration" : 155
        },
        "status" : "passed",
        "steps" : [ ],
        "attachments" : [ ],
        "parameters" : [ {
          "name" : "elem",
          "value" : "[[ChromeDriver: chrome on WINDOWS (2ee8fde89e7d3a3bac55c4fbeba95477)] -> xpath: //*[text()='Delete']]"
        } ],
        "shouldDisplayMessage" : false,
        "attachmentsCount" : 0,
        "hasContent" : true,
        "stepsCount" : 0
      } ],
      "attachments" : [ ],
      "parameters" : [ ],
      "shouldDisplayMessage" : false,
      "attachmentsCount" : 0,
      "hasContent" : true,
      "stepsCount" : 4
    } ],
    "attachments" : [ ],
    "parameters" : [ ],
    "shouldDisplayMessage" : false,
    "attachmentsCount" : 0,
    "hasContent" : true,
    "stepsCount" : 10
  },
  "afterStages" : [ {
    "name" : "afterMethod",
    "time" : {
      "start" : 1609682147959,
      "stop" : 1609682147959,
      "duration" : 0
    },
    "description" : "",
    "status" : "passed",
    "steps" : [ ],
    "attachments" : [ ],
    "parameters" : [ ],
    "shouldDisplayMessage" : false,
    "attachmentsCount" : 0,
    "hasContent" : false,
    "stepsCount" : 0
  }, {
    "name" : "closeSession",
    "time" : {
      "start" : 1609682264152,
      "stop" : 1609682265747,
      "duration" : 1595
    },
    "description" : "",
    "status" : "passed",
    "steps" : [ ],
    "attachments" : [ ],
    "parameters" : [ ],
    "shouldDisplayMessage" : false,
    "attachmentsCount" : 0,
    "hasContent" : false,
    "stepsCount" : 0
  } ],
  "labels" : [ {
    "name" : "package",
    "value" : "SanityTests.WebMyfitnesspalTests"
  }, {
    "name" : "testClass",
    "value" : "SanityTests.WebMyfitnesspalTests"
  }, {
    "name" : "testMethod",
    "value" : "test05_verifyPicture"
  }, {
    "name" : "parentSuite",
    "value" : "Suite"
  }, {
    "name" : "suite",
    "value" : "Web Tests"
  }, {
    "name" : "subSuite",
    "value" : "SanityTests.WebMyfitnesspalTests"
  }, {
    "name" : "host",
    "value" : "andrew"
  }, {
    "name" : "thread",
    "value" : "5964@andrew.main(1)"
  }, {
    "name" : "framework",
    "value" : "testng"
  }, {
    "name" : "language",
    "value" : "java"
  }, {
    "name" : "resultFormat",
    "value" : "allure2"
  } ],
  "parameters" : [ {
    "name" : "PlatformName",
    "value" : "web"
  } ],
  "links" : [ ],
  "hidden" : false,
  "retry" : false,
  "extra" : {
    "severity" : "normal",
    "retries" : [ ],
    "categories" : [ ],
    "tags" : [ ]
  },
  "source" : "e5517b2a6edf6d66.json",
  "parameterValues" : [ "web" ]
}